2019-09-04 10:20:30.945 |-INFO  [main] com.example.ssh.RedisTest [50] -| Starting RedisTest on A-A01-7387 with PID 8068 (started by tanhw119214 in E:\Practise\SpringBoot_JPA\ssh)
2019-09-04 10:20:30.947 |-INFO  [main] com.example.ssh.RedisTest [659] -| No active profile set, falling back to default profiles: default
2019-09-04 10:20:34.112 |-INFO  [main] com.example.base.shiro.ShiroConfiguration [125] -| ##################从数据库读取权限规则，加载到shiroFilter中##################
2019-09-04 10:20:44.204 |-INFO  [main] com.example.ssh.RedisTest [59] -| Started RedisTest in 13.693 seconds (JVM running for 15.599)
2019-09-04 10:20:44.209 |-INFO  [main] com.example.SshApplication [34] -| 服务启动完成.....
2019-09-04 10:20:44.745 |-INFO  [main] com.example.ssh.RedisTest [42] -| xiaobu
2019-09-04 10:20:44.746 |-INFO  [main] com.example.ssh.RedisTest [43] -| 24
2019-09-04 10:25:37.892 |-INFO  [main] com.example.ssh.RedisTest [50] -| Starting RedisTest on A-A01-7387 with PID 8672 (started by tanhw119214 in E:\Practise\SpringBoot_JPA\ssh)
2019-09-04 10:25:37.894 |-INFO  [main] com.example.ssh.RedisTest [659] -| No active profile set, falling back to default profiles: default
2019-09-04 10:25:41.015 |-INFO  [main] com.example.base.shiro.ShiroConfiguration [125] -| ##################从数据库读取权限规则，加载到shiroFilter中##################
2019-09-04 10:25:50.511 |-INFO  [main] com.example.ssh.RedisTest [59] -| Started RedisTest in 13.324 seconds (JVM running for 15.045)
2019-09-04 10:25:50.517 |-INFO  [main] com.example.SshApplication [34] -| 服务启动完成.....
2019-09-04 10:25:51.064 |-INFO  [main] com.example.ssh.RedisTest [42] -| xiaobu
2019-09-04 10:25:51.066 |-INFO  [main] com.example.ssh.RedisTest [43] -| 24
2019-09-04 10:27:41.975 |-INFO  [main] com.example.ssh.RedisTest [50] -| Starting RedisTest on A-A01-7387 with PID 8548 (started by tanhw119214 in E:\Practise\SpringBoot_JPA\ssh)
2019-09-04 10:27:41.978 |-INFO  [main] com.example.ssh.RedisTest [659] -| No active profile set, falling back to default profiles: default
2019-09-04 10:27:46.477 |-INFO  [main] com.example.base.shiro.ShiroConfiguration [125] -| ##################从数据库读取权限规则，加载到shiroFilter中##################
2019-09-04 10:27:58.363 |-INFO  [main] com.example.ssh.RedisTest [59] -| Started RedisTest in 16.88 seconds (JVM running for 18.595)
2019-09-04 10:27:58.367 |-INFO  [main] com.example.SshApplication [34] -| 服务启动完成.....
2019-09-04 10:27:59.165 |-INFO  [main] com.example.ssh.RedisTest [54] -| [对象缓存结果] - [Area(id=1, name=admin, createTime=2019-09-04 10:27:58)]
2019-09-04 12:41:50.617 |-INFO  [main] com.example.ssh.RedisTest [50] -| Starting RedisTest on A-A01-7387 with PID 9596 (started by tanhw119214 in E:\Practise\SpringBoot_JPA\ssh)
2019-09-04 12:41:50.649 |-INFO  [main] com.example.ssh.RedisTest [659] -| No active profile set, falling back to default profiles: default
2019-09-04 12:41:58.010 |-INFO  [main] com.example.base.shiro.ShiroConfiguration [125] -| ##################从数据库读取权限规则，加载到shiroFilter中##################
2019-09-04 12:42:13.126 |-INFO  [main] com.example.ssh.RedisTest [59] -| Started RedisTest in 24.073 seconds (JVM running for 28.697)
2019-09-04 12:42:13.131 |-INFO  [main] com.example.SshApplication [34] -| 服务启动完成.....
2019-09-04 12:42:14.852 |-INFO  [main] com.example.service.impl.AreaServiceImpl [65] -| 进入 saveOrUpdate 方法
2019-09-04 12:42:15.740 |-INFO  [main] com.example.ssh.RedisTest [61] -| [saveOrUpdate] - [Area(id=5, name=u5, createTime=d5)]
2019-09-04 12:42:15.767 |-INFO  [main] com.example.ssh.RedisTest [63] -| [get] - [Area(id=5, name=u5, createTime=d5)]
2019-09-04 12:42:15.767 |-INFO  [main] com.example.service.impl.AreaServiceImpl [65] -| 进入 saveOrUpdate 方法
2019-09-04 12:42:15.770 |-INFO  [main] com.example.ssh.RedisTest [65] -| [saveOrUpdate2] - [Area(id=5, name=u5, createTime=d5)]
2019-09-04 12:42:15.771 |-INFO  [main] com.example.service.impl.AreaServiceImpl [73] -| 进入 delete 方法
2019-09-04 12:42:15.779 |-INFO  [main] com.example.service.impl.AreaServiceImpl [48] -| 进入save方法
2019-09-04 12:42:15.783 |-INFO  [main] com.example.ssh.RedisTest [68] -| [get2] - [null]
2019-09-04 12:45:53.638 |-INFO  [main] com.example.ssh.RedisTest [50] -| Starting RedisTest on A-A01-7387 with PID 12864 (started by tanhw119214 in E:\Practise\SpringBoot_JPA\ssh)
2019-09-04 12:45:53.640 |-INFO  [main] com.example.ssh.RedisTest [659] -| No active profile set, falling back to default profiles: default
2019-09-04 12:46:01.001 |-INFO  [main] com.example.base.shiro.ShiroConfiguration [125] -| ##################从数据库读取权限规则，加载到shiroFilter中##################
2019-09-04 12:46:22.662 |-INFO  [main] com.example.ssh.RedisTest [59] -| Started RedisTest in 29.745 seconds (JVM running for 31.642)
2019-09-04 12:46:22.666 |-INFO  [main] com.example.SshApplication [34] -| 服务启动完成.....
2019-09-04 12:46:26.246 |-INFO  [main] com.example.service.impl.AreaServiceImpl [65] -| 进入 saveOrUpdate 方法
2019-09-04 12:46:27.648 |-INFO  [main] com.example.ssh.RedisTest [76] -| [saveOrUpdate] - [Area(id=5, name=u5, createTime=d5)]
2019-09-04 12:46:27.649 |-INFO  [main] com.example.service.impl.AreaServiceImpl [65] -| 进入 saveOrUpdate 方法
2019-09-04 12:46:27.651 |-INFO  [main] com.example.ssh.RedisTest [78] -| Area(id=5, name=u5, createTime=d5)
2019-09-04 12:47:51.892 |-INFO  [main] com.example.ssh.RedisTest [50] -| Starting RedisTest on A-A01-7387 with PID 10040 (started by tanhw119214 in E:\Practise\SpringBoot_JPA\ssh)
2019-09-04 12:47:51.894 |-INFO  [main] com.example.ssh.RedisTest [659] -| No active profile set, falling back to default profiles: default
2019-09-04 12:47:55.596 |-INFO  [main] com.example.base.shiro.ShiroConfiguration [125] -| ##################从数据库读取权限规则，加载到shiroFilter中##################
2019-09-04 12:48:05.660 |-INFO  [main] com.example.ssh.RedisTest [59] -| Started RedisTest in 14.271 seconds (JVM running for 16.287)
2019-09-04 12:48:05.665 |-INFO  [main] com.example.SshApplication [34] -| 服务启动完成.....
2019-09-04 12:48:05.865 |-INFO  [main] com.example.service.impl.AreaServiceImpl [65] -| 进入 saveOrUpdate 方法
2019-09-04 12:48:06.195 |-INFO  [main] com.example.ssh.RedisTest [76] -| [saveOrUpdate] - [Area(id=5, name=u5, createTime=d5)]
2019-09-04 12:48:06.196 |-INFO  [main] com.example.service.impl.AreaServiceImpl [65] -| 进入 saveOrUpdate 方法
2019-09-04 12:48:06.197 |-INFO  [main] com.example.ssh.RedisTest [78] -| Area(id=5, name=u5, createTime=d5)
